Change Component Designator: Old Designator=C73 New Designator=C?
Change Component Designator: Old Designator=C81 New Designator=C?
Change Component Designator: Old Designator=C348 New Designator=C?
Change Component Designator: Old Designator=C349 New Designator=C?
Change Component Designator: Old Designator=C350 New Designator=C?
Change Component Designator: Old Designator=C588 New Designator=C?
Change Component Designator: Old Designator=C589 New Designator=C?
Change Component Designator: Old Designator=C591 New Designator=C?
Change Component Designator: Old Designator=C592 New Designator=C?
Change Component Designator: Old Designator=C593 New Designator=C?
Change Component Designator: Old Designator=C594 New Designator=C?
Change Component Designator: Old Designator=CageBot1 New Designator=CageBot?
Change Component Designator: Old Designator=CageTop1 New Designator=CageTop?
Change Component Designator: Old Designator=IC2 New Designator=IC?
Change Component Designator: Old Designator=J7 New Designator=J?
Change Component Designator: Old Designator=J28 New Designator=J?
Change Component Designator: Old Designator=L11 New Designator=L?
Change Component Designator: Old Designator=L22 New Designator=L?
Change Component Designator: Old Designator=R107 New Designator=R?
Change Component Designator: Old Designator=R400 New Designator=R?
Change Component Designator: Old Designator=R401 New Designator=R?
Change Component Designator: Old Designator=R402 New Designator=R?
Change Component Designator: Old Designator=R403 New Designator=R?
Change Component Designator: Old Designator=R404 New Designator=R?
