Change Component Designator: OldDesignator=IC? NewDesignator=IC2
Change Component Designator: OldDesignator=J? NewDesignator=J1
Change Component Designator: OldDesignator=J? NewDesignator=J2
Added Component: Designator=B1(MTG270_500)
Add component (AddParameter): Name = "Author"; Value = "CERN DEM JMW"; VariantName = "[No Variations]"
Add component (AddParameter): Name = "Component Type"; Value = "Standard (No BOM)"; VariantName = "[No Variations]"
Add component (AddParameter): Name = "ComponentHeight"; Value = "0mm"; VariantName = "[No Variations]"
Add component (AddParameter): Name = "CreateDate"; Value = "27.09.2011"; VariantName = "[No Variations]"
Add component (AddParameter): Name = "Family"; Value = "Plated Hole"; VariantName = "[No Variations]"
Add component (AddParameter): Name = "HelpURL"; Value = "Undefined"; VariantName = "[No Variations]"
Add component (AddParameter): Name = "LatestRevisionDate"; Value = "27.09.2011"; VariantName = "[No Variations]"
Add component (AddParameter): Name = "Mounted"; Value = "No"; VariantName = "[No Variations]"
Add component (AddParameter): Name = "PackageDescription"; Value = "Plated Through Hole: Hole Dia.=2.7mm Pad Dia.=5.0mm"; VariantName = "[No Variations]"
Add component (AddParameter): Name = "Part Description"; Value = "Plated Through Hole: Hole Dia.=2.7mm Pad Dia.=5.0mm"; VariantName = "[No Variations]"
Add component (AddParameter): Name = "Part Number"; Value = "PLATED_HOLE2.7_PAD5.0"; VariantName = "[No Variations]"
Add component (AddParameter): Name = "Pin Count"; Value = "1"; VariantName = "[No Variations]"
Add component (AddParameter): Name = "Sense"; Value = "No"; VariantName = "[No Variations]"
Add component (AddParameter): Name = "SMD"; Value = "No"; VariantName = "[No Variations]"
Add component (AddParameter): Name = "Socket"; Value = "No"; VariantName = "[No Variations]"
Add component (AddParameter): Name = "Status"; Value = "None"; VariantName = "[No Variations]"
Added Component: Designator=B2(MTG270_500)
Add component (AddParameter): Name = "Author"; Value = "CERN DEM JMW"; VariantName = "[No Variations]"
Add component (AddParameter): Name = "Component Type"; Value = "Standard (No BOM)"; VariantName = "[No Variations]"
Add component (AddParameter): Name = "ComponentHeight"; Value = "0mm"; VariantName = "[No Variations]"
Add component (AddParameter): Name = "CreateDate"; Value = "27.09.2011"; VariantName = "[No Variations]"
Add component (AddParameter): Name = "Family"; Value = "Plated Hole"; VariantName = "[No Variations]"
Add component (AddParameter): Name = "HelpURL"; Value = "Undefined"; VariantName = "[No Variations]"
Add component (AddParameter): Name = "LatestRevisionDate"; Value = "27.09.2011"; VariantName = "[No Variations]"
Add component (AddParameter): Name = "Mounted"; Value = "No"; VariantName = "[No Variations]"
Add component (AddParameter): Name = "PackageDescription"; Value = "Plated Through Hole: Hole Dia.=2.7mm Pad Dia.=5.0mm"; VariantName = "[No Variations]"
Add component (AddParameter): Name = "Part Description"; Value = "Plated Through Hole: Hole Dia.=2.7mm Pad Dia.=5.0mm"; VariantName = "[No Variations]"
Add component (AddParameter): Name = "Part Number"; Value = "PLATED_HOLE2.7_PAD5.0"; VariantName = "[No Variations]"
Add component (AddParameter): Name = "Pin Count"; Value = "1"; VariantName = "[No Variations]"
Add component (AddParameter): Name = "Sense"; Value = "No"; VariantName = "[No Variations]"
Add component (AddParameter): Name = "SMD"; Value = "No"; VariantName = "[No Variations]"
Add component (AddParameter): Name = "Socket"; Value = "No"; VariantName = "[No Variations]"
Add component (AddParameter): Name = "Status"; Value = "None"; VariantName = "[No Variations]"
Added Component: Designator=B3(MTG270_500)
Add component (AddParameter): Name = "Author"; Value = "CERN DEM JMW"; VariantName = "[No Variations]"
Add component (AddParameter): Name = "Component Type"; Value = "Standard (No BOM)"; VariantName = "[No Variations]"
Add component (AddParameter): Name = "ComponentHeight"; Value = "0mm"; VariantName = "[No Variations]"
Add component (AddParameter): Name = "CreateDate"; Value = "27.09.2011"; VariantName = "[No Variations]"
Add component (AddParameter): Name = "Family"; Value = "Plated Hole"; VariantName = "[No Variations]"
Add component (AddParameter): Name = "HelpURL"; Value = "Undefined"; VariantName = "[No Variations]"
Add component (AddParameter): Name = "LatestRevisionDate"; Value = "27.09.2011"; VariantName = "[No Variations]"
Add component (AddParameter): Name = "Mounted"; Value = "No"; VariantName = "[No Variations]"
Add component (AddParameter): Name = "PackageDescription"; Value = "Plated Through Hole: Hole Dia.=2.7mm Pad Dia.=5.0mm"; VariantName = "[No Variations]"
Add component (AddParameter): Name = "Part Description"; Value = "Plated Through Hole: Hole Dia.=2.7mm Pad Dia.=5.0mm"; VariantName = "[No Variations]"
Add component (AddParameter): Name = "Part Number"; Value = "PLATED_HOLE2.7_PAD5.0"; VariantName = "[No Variations]"
Add component (AddParameter): Name = "Pin Count"; Value = "1"; VariantName = "[No Variations]"
Add component (AddParameter): Name = "Sense"; Value = "No"; VariantName = "[No Variations]"
Add component (AddParameter): Name = "SMD"; Value = "No"; VariantName = "[No Variations]"
Add component (AddParameter): Name = "Socket"; Value = "No"; VariantName = "[No Variations]"
Add component (AddParameter): Name = "Status"; Value = "None"; VariantName = "[No Variations]"
Added Member To Class: ClassName=SPEC_A7_Management Member=Component B1 Plated Hole
Added Member To Class: ClassName=SPEC_A7_Management Member=Component B2 Plated Hole
Added Member To Class: ClassName=SPEC_A7_Management Member=Component B3 Plated Hole
Added Member To Class: ClassName=SPEC_A7_Management Member=Component J1 Socket 26
