Added Component: Designator=B?(MTG400)
Add component (AddParameter): Name = "Author"; Value = "CERN DEM JMW"; VariantName = "[No Variations]"
Add component (AddParameter): Name = "Component Type"; Value = "Standard (No BOM)"; VariantName = "[No Variations]"
Add component (AddParameter): Name = "ComponentHeight"; Value = "0mm"; VariantName = "[No Variations]"
Add component (AddParameter): Name = "CreateDate"; Value = "22.03.2019"; VariantName = "[No Variations]"
Add component (AddParameter): Name = "Family"; Value = "Non Plated Hole"; VariantName = "[No Variations]"
Add component (AddParameter): Name = "HelpURL"; Value = "Undefined"; VariantName = "[No Variations]"
Add component (AddParameter): Name = "LatestRevisionDate"; Value = "22.03.2019"; VariantName = "[No Variations]"
Add component (AddParameter): Name = "Mounted"; Value = "No"; VariantName = "[No Variations]"
Add component (AddParameter): Name = "PackageDescription"; Value = "Non Plated Through Hole: Hole Dia.=4.0mm"; VariantName = "[No Variations]"
Add component (AddParameter): Name = "Part Description"; Value = "Non Plated Through Hole: Hole Dia.=4.0mm"; VariantName = "[No Variations]"
Add component (AddParameter): Name = "Part Number"; Value = "NON-PLATED_HOLE4.0"; VariantName = "[No Variations]"
Add component (AddParameter): Name = "Pin Count"; Value = "1"; VariantName = "[No Variations]"
Add component (AddParameter): Name = "Sense"; Value = "No"; VariantName = "[No Variations]"
Add component (AddParameter): Name = "SMD"; Value = "No"; VariantName = "[No Variations]"
Add component (AddParameter): Name = "Socket"; Value = "No"; VariantName = "[No Variations]"
Add component (AddParameter): Name = "Status"; Value = "None"; VariantName = "[No Variations]"
Added Component: Designator=B?(MTG400)
Add component (AddParameter): Name = "Author"; Value = "CERN DEM JMW"; VariantName = "[No Variations]"
Add component (AddParameter): Name = "Component Type"; Value = "Standard (No BOM)"; VariantName = "[No Variations]"
Add component (AddParameter): Name = "ComponentHeight"; Value = "0mm"; VariantName = "[No Variations]"
Add component (AddParameter): Name = "CreateDate"; Value = "22.03.2019"; VariantName = "[No Variations]"
Add component (AddParameter): Name = "Family"; Value = "Non Plated Hole"; VariantName = "[No Variations]"
Add component (AddParameter): Name = "HelpURL"; Value = "Undefined"; VariantName = "[No Variations]"
Add component (AddParameter): Name = "LatestRevisionDate"; Value = "22.03.2019"; VariantName = "[No Variations]"
Add component (AddParameter): Name = "Mounted"; Value = "No"; VariantName = "[No Variations]"
Add component (AddParameter): Name = "PackageDescription"; Value = "Non Plated Through Hole: Hole Dia.=4.0mm"; VariantName = "[No Variations]"
Add component (AddParameter): Name = "Part Description"; Value = "Non Plated Through Hole: Hole Dia.=4.0mm"; VariantName = "[No Variations]"
Add component (AddParameter): Name = "Part Number"; Value = "NON-PLATED_HOLE4.0"; VariantName = "[No Variations]"
Add component (AddParameter): Name = "Pin Count"; Value = "1"; VariantName = "[No Variations]"
Add component (AddParameter): Name = "Sense"; Value = "No"; VariantName = "[No Variations]"
Add component (AddParameter): Name = "SMD"; Value = "No"; VariantName = "[No Variations]"
Add component (AddParameter): Name = "Socket"; Value = "No"; VariantName = "[No Variations]"
Add component (AddParameter): Name = "Status"; Value = "None"; VariantName = "[No Variations]"
Added Component: Designator=B?(MTG400)
Add component (AddParameter): Name = "Author"; Value = "CERN DEM JMW"; VariantName = "[No Variations]"
Add component (AddParameter): Name = "Component Type"; Value = "Standard (No BOM)"; VariantName = "[No Variations]"
Add component (AddParameter): Name = "ComponentHeight"; Value = "0mm"; VariantName = "[No Variations]"
Add component (AddParameter): Name = "CreateDate"; Value = "22.03.2019"; VariantName = "[No Variations]"
Add component (AddParameter): Name = "Family"; Value = "Non Plated Hole"; VariantName = "[No Variations]"
Add component (AddParameter): Name = "HelpURL"; Value = "Undefined"; VariantName = "[No Variations]"
Add component (AddParameter): Name = "LatestRevisionDate"; Value = "22.03.2019"; VariantName = "[No Variations]"
Add component (AddParameter): Name = "Mounted"; Value = "No"; VariantName = "[No Variations]"
Add component (AddParameter): Name = "PackageDescription"; Value = "Non Plated Through Hole: Hole Dia.=4.0mm"; VariantName = "[No Variations]"
Add component (AddParameter): Name = "Part Description"; Value = "Non Plated Through Hole: Hole Dia.=4.0mm"; VariantName = "[No Variations]"
Add component (AddParameter): Name = "Part Number"; Value = "NON-PLATED_HOLE4.0"; VariantName = "[No Variations]"
Add component (AddParameter): Name = "Pin Count"; Value = "1"; VariantName = "[No Variations]"
Add component (AddParameter): Name = "Sense"; Value = "No"; VariantName = "[No Variations]"
Add component (AddParameter): Name = "SMD"; Value = "No"; VariantName = "[No Variations]"
Add component (AddParameter): Name = "Socket"; Value = "No"; VariantName = "[No Variations]"
Add component (AddParameter): Name = "Status"; Value = "None"; VariantName = "[No Variations]"
Added Member To Class: ClassName=SPEC_A7_Management Member=Component B? Non Plated Hole
Added Member To Class: ClassName=SPEC_A7_Management Member=Component B? Non Plated Hole
Added Member To Class: ClassName=SPEC_A7_Management Member=Component B? Non Plated Hole
Added Member To Class: ClassName=SPEC_A7_Management Member=Component J2 Socket 26
